[debug] [2021-09-15T11:58:42.618Z] ----------------------------------------------------------------------
[debug] [2021-09-15T11:58:42.623Z] Command:       C:\Program Files\nodejs\node.exe C:\Users\smart\AppData\Roaming\npm\node_modules\firebase-tools\lib\bin\firebase.js init
[debug] [2021-09-15T11:58:42.624Z] CLI Version:   9.18.0
[debug] [2021-09-15T11:58:42.624Z] Platform:      win32
[debug] [2021-09-15T11:58:42.624Z] Node Version:  v12.7.0
[debug] [2021-09-15T11:58:42.626Z] Time:          Wed Sep 15 2021 17:58:42 GMT+0600 (Bangladesh Standard Time)
[debug] [2021-09-15T11:58:42.626Z] ----------------------------------------------------------------------
[debug] 
[debug] [2021-09-15T11:58:42.642Z] > command requires scopes: ["email","openid","https://www.googleapis.com/auth/cloudplatformprojects.readonly","https://www.googleapis.com/auth/firebase","https://www.googleapis.com/auth/cloud-platform"]
[debug] [2021-09-15T11:58:42.643Z] > authorizing via signed-in user (utshaw1995@gmail.com)
[info] 
     ######## #### ########  ######## ########     ###     ######  ########
     ##        ##  ##     ## ##       ##     ##  ##   ##  ##       ##
     ######    ##  ########  ######   ########  #########  ######  ######
     ##        ##  ##    ##  ##       ##     ## ##     ##       ## ##
     ##       #### ##     ## ######## ########  ##     ##  ######  ########

You're about to initialize a Firebase project in this directory:

  C:\Users\smart\Desktop\Jhonkar Mahbub Course Practice\react-app

[info] 
=== Project Setup
[info] 
[info] First, let's associate this project directory with a Firebase project.
[info] You can create multiple project aliases by running firebase use --add, 
[info] but for now we'll just set up a default project.
[info] 
[debug] [2021-09-15T12:01:58.875Z] >>> [apiv2][query] GET https://firebase.googleapis.com/v1beta1/projects pageSize=100
[debug] [2021-09-15T12:01:59.728Z] <<< [apiv2][status] GET https://firebase.googleapis.com/v1beta1/projects 200
[debug] [2021-09-15T12:01:59.729Z] <<< [apiv2][body] GET https://firebase.googleapis.com/v1beta1/projects [omitted]
[info] i  Using project ema-john-simple-app-website (ema-john-simple-app-website) 
[info] 
=== Hosting Setup
[info] 
[info] Your public directory is the folder (relative to your project directory) that
[info] will contain Hosting assets to be uploaded with firebase deploy. If you
[info] have a build process for your assets, use your build's output directory.
[info] 
[debug] [2021-09-15T12:03:46.248Z] >>> [apiv2][query] GET https://www.gstatic.com/firebasejs/releases.json [none]
[debug] [2021-09-15T12:03:46.515Z] <<< [apiv2][status] GET https://www.gstatic.com/firebasejs/releases.json 200
[debug] [2021-09-15T12:03:46.516Z] <<< [apiv2][body] GET https://www.gstatic.com/firebasejs/releases.json {"current":{"version":"9.0.2","browserURL":"https://www.gstatic.com/firebasejs/9.0.2/firebase.js","packageURL":"https://www.gstatic.com/firebasejs/9.0.2/firebase.tgz"},"live":{"version":"9.0","browserURL":"https://www.gstatic.com/firebasejs/live/9.0/firebase.js","packageURL":"https://www.gstatic.com/firebasejs/live/9.0/firebase.tgz"},"components":{"analytics":"https://www.gstatic.com/firebasejs/9.0.2/firebase-analytics.js","app":"https://www.gstatic.com/firebasejs/9.0.2/firebase-app.js","app-check":"https://www.gstatic.com/firebasejs/9.0.2/firebase-app-check.js","auth":"https://www.gstatic.com/firebasejs/9.0.2/firebase-auth.js","auth/cordova":"https://www.gstatic.com/firebasejs/9.0.2/firebase-auth/cordova.js","auth/react-native":"https://www.gstatic.com/firebasejs/9.0.2/firebase-auth/react-native.js","functions":"https://www.gstatic.com/firebasejs/9.0.2/firebase-functions.js","firestore":"https://www.gstatic.com/firebasejs/9.0.2/firebase-firestore.js","firestore/lite":"https://www.gstatic.com/firebasejs/9.0.2/firebase-firestore/lite.js","storage":"https://www.gstatic.com/firebasejs/9.0.2/firebase-storage.js","performance":"https://www.gstatic.com/firebasejs/9.0.2/firebase-performance.js","remote-config":"https://www.gstatic.com/firebasejs/9.0.2/firebase-remote-config.js","messaging":"https://www.gstatic.com/firebasejs/9.0.2/firebase-messaging.js","messaging/sw":"https://www.gstatic.com/firebasejs/9.0.2/firebase-messaging/sw.js","database":"https://www.gstatic.com/firebasejs/9.0.2/firebase-database.js","firestore.memory":"https://www.gstatic.com/firebasejs/9.0.2/firebase-firestore.memory.js"}}
[info] +  Wrote build/index.html 
[info] 
[info] i  Detected a .git folder at C:\Users\smart\Desktop\Jhonkar Mahbub Course Practice\react-app 
[info] i  Authorizing with GitHub to upload your service account to a GitHub repository's secrets store. 
[info] 
[info] Visit this URL on this device to log in:
[info] https://github.com/login/oauth/authorize?client_id=89cf50f02ac6aaed3484&state=508493746&redirect_uri=http%3A%2F%2Flocalhost%3A9005&scope=read%3Auser%20repo%20public_repo
[info] 
[info] Waiting for authentication...
[debug] [2021-09-15T12:04:33.561Z] >>> HTTP REQUEST POST https://github.com/login/oauth/access_token  
 {"client_id":"89cf50f02ac6aaed3484","client_secret":"3330d14abc895d9a74d5f17cd7a00711fa2c5bf0","code":"9f669b17f672b2a3f31f","redirect_uri":"http://localhost:9005","state":"508493746"}
[debug] [2021-09-15T12:04:34.124Z] <<< HTTP RESPONSE 200 {"server":"GitHub.com","date":"Wed, 15 Sep 2021 12:04:14 GMT","content-type":"application/json; charset=utf-8","transfer-encoding":"chunked","vary":"X-PJAX, X-PJAX-Container, Accept-Encoding, Accept, X-Requested-With","permissions-policy":"interest-cohort=()","etag":"W/\"22447f4cadc8e2b7a5c2ed06d2e4fb5e\"","cache-control":"max-age=0, private, must-revalidate","strict-transport-security":"max-age=31536000; includeSubdomains; preload","x-frame-options":"deny","x-content-type-options":"nosniff","x-xss-protection":"0","referrer-policy":"origin-when-cross-origin, strict-origin-when-cross-origin","expect-ct":"max-age=2592000, report-uri=\"https://api.github.com/_private/browser/errors\"","content-security-policy":"default-src 'none'; base-uri 'self'; block-all-mixed-content; connect-src 'self' uploads.github.com www.githubstatus.com collector.githubapp.com api.github.com github-cloud.s3.amazonaws.com github-production-repository-file-5c1aeb.s3.amazonaws.com github-production-upload-manifest-file-7fdce7.s3.amazonaws.com github-production-user-asset-6210df.s3.amazonaws.com cdn.optimizely.com logx.optimizely.com/v1/events translator.github.com wss://alive.github.com; font-src github.githubassets.com; form-action 'self' github.com gist.github.com; frame-ancestors 'none'; frame-src render.githubusercontent.com viewscreen.githubusercontent.com; img-src 'self' data: github.githubassets.com identicons.github.com collector.githubapp.com github-cloud.s3.amazonaws.com secured-user-images.githubusercontent.com/ *.githubusercontent.com; manifest-src 'self'; media-src github.com user-images.githubusercontent.com/; script-src github.githubassets.com; style-src 'unsafe-inline' github.githubassets.com; worker-src github.com/socket-worker-0af8a29d.js gist.github.com/socket-worker-0af8a29d.js","x-github-request-id":"1439:700F:1134A4:19CE25:6141E13D"}
[debug] [2021-09-15T12:04:34.139Z] >>> [apiv2][query] GET https://api.github.com/user [none]
[debug] [2021-09-15T12:04:34.920Z] <<< [apiv2][status] GET https://api.github.com/user 200
[debug] [2021-09-15T12:04:34.921Z] <<< [apiv2][body] GET https://api.github.com/user {"login":"utshaweu","id":45963453,"node_id":"MDQ6VXNlcjQ1OTYzNDUz","avatar_url":"https://avatars.githubusercontent.com/u/45963453?v=4","gravatar_id":"","url":"https://api.github.com/users/utshaweu","html_url":"https://github.com/utshaweu","followers_url":"https://api.github.com/users/utshaweu/followers","following_url":"https://api.github.com/users/utshaweu/following{/other_user}","gists_url":"https://api.github.com/users/utshaweu/gists{/gist_id}","starred_url":"https://api.github.com/users/utshaweu/starred{/owner}{/repo}","subscriptions_url":"https://api.github.com/users/utshaweu/subscriptions","organizations_url":"https://api.github.com/users/utshaweu/orgs","repos_url":"https://api.github.com/users/utshaweu/repos","events_url":"https://api.github.com/users/utshaweu/events{/privacy}","received_events_url":"https://api.github.com/users/utshaweu/received_events","type":"User","site_admin":false,"name":"Utshaw","company":null,"blog":"","location":"Dhaka, Bangladesh","email":null,"hireable":null,"bio":"I’m a Professional Web Designer (Front-end Developer) with over three years of experience specializing in creating beautiful, unique website experiences.","twitter_username":"utshaw_eu","public_repos":68,"public_gists":0,"followers":8,"following":11,"created_at":"2018-12-18T08:40:27Z","updated_at":"2021-09-13T10:06:08Z","private_gists":0,"total_private_repos":0,"owned_private_repos":0,"disk_usage":263546,"collaborators":0,"two_factor_authentication":false,"plan":{"name":"free","space":976562499,"collaborators":0,"private_repos":10000}}
[info] 
[info] +  Success! Logged into GitHub as utshaweu 
[info] 
